0 info it worked if it ends with ok
1 verbose cli [ '/usr/local/bin/node',
1 verbose cli   '/usr/local/bin/npm',
1 verbose cli   'install',
1 verbose cli   'grunt-concurrent',
1 verbose cli   '--save-dev' ]
2 info using npm@1.1.63
3 info using node@v0.8.12
4 verbose read json /home/plinetarios/Desktop/chalatz_jekyll/package.json
5 warn package.json chalatz@0.1.0 No README.md file found!
6 verbose read json /home/plinetarios/Desktop/chalatz_jekyll/node_modules/grunt/package.json
7 verbose read json /home/plinetarios/Desktop/chalatz_jekyll/node_modules/grunt-contrib-watch/package.json
8 verbose read json /home/plinetarios/Desktop/chalatz_jekyll/node_modules/grunt-shell/package.json
9 verbose read json /home/plinetarios/Desktop/chalatz_jekyll/node_modules/grunt-jekyll/package.json
10 verbose read json /home/plinetarios/Desktop/chalatz_jekyll/node_modules/grunt-contrib-sass/package.json
11 verbose read json /home/plinetarios/Desktop/chalatz_jekyll/node_modules/grunt-autoprefixer/package.json
12 verbose from cache /home/plinetarios/Desktop/chalatz_jekyll/package.json
13 verbose readDependencies using package.json deps
14 verbose cache add [ 'grunt-concurrent', null ]
15 silly cache add name=undefined spec="grunt-concurrent" args=["grunt-concurrent",null]
16 verbose parsed url { pathname: 'grunt-concurrent',
16 verbose parsed url   path: 'grunt-concurrent',
16 verbose parsed url   href: 'grunt-concurrent' }
17 silly lockFile c80cab1b-grunt-concurrent grunt-concurrent
18 verbose lock grunt-concurrent /home/plinetarios/.npm/c80cab1b-grunt-concurrent.lock
19 silly lockFile c80cab1b-grunt-concurrent grunt-concurrent
20 verbose addNamed [ 'grunt-concurrent', '' ]
21 verbose addNamed [ null, '' ]
22 silly lockFile be4198c0-grunt-concurrent grunt-concurrent@
23 verbose lock grunt-concurrent@ /home/plinetarios/.npm/be4198c0-grunt-concurrent.lock
24 silly addNameRange { name: 'grunt-concurrent', range: '', hasData: false }
25 verbose url raw grunt-concurrent
26 verbose url resolving [ 'https://registry.npmjs.org/', './grunt-concurrent' ]
27 verbose url resolved https://registry.npmjs.org/grunt-concurrent
28 info trying registry request attempt 1 at 13:00:05
29 verbose etag "1PAJDBBQ4U5ZOY69GXVYKUSTL"
30 http GET https://registry.npmjs.org/grunt-concurrent
31 http 304 https://registry.npmjs.org/grunt-concurrent
32 silly registry.get cb [ 304,
32 silly registry.get   { date: 'Tue, 01 Jul 2014 10:00:05 GMT',
32 silly registry.get     server: 'Apache',
32 silly registry.get     via: '1.1 varnish',
32 silly registry.get     'last-modified': 'Tue, 01 Jul 2014 10:00:05 GMT',
32 silly registry.get     'cache-control': 'max-age=30',
32 silly registry.get     etag: '"1PAJDBBQ4U5ZOY69GXVYKUSTL"',
32 silly registry.get     'x-served-by': 'cache-ams4127-AMS',
32 silly registry.get     'x-cache': 'HIT',
32 silly registry.get     'x-cache-hits': '1',
32 silly registry.get     'x-timer': 'S1404208805.249709,VS0,VE0',
32 silly registry.get     vary: 'Accept',
32 silly registry.get     'content-length': '0',
32 silly registry.get     'keep-alive': 'timeout=10, max=50',
32 silly registry.get     connection: 'Keep-Alive' } ]
33 verbose etag grunt-concurrent from cache
34 silly addNameRange number 2 { name: 'grunt-concurrent', range: '', hasData: true }
35 silly addNameRange versions [ 'grunt-concurrent',
35 silly addNameRange   [ '0.1.0',
35 silly addNameRange     '0.1.1',
35 silly addNameRange     '0.2.0',
35 silly addNameRange     '0.3.0',
35 silly addNameRange     '0.3.1',
35 silly addNameRange     '0.4.0',
35 silly addNameRange     '0.4.1',
35 silly addNameRange     '0.4.2',
35 silly addNameRange     '0.4.3',
35 silly addNameRange     '0.5.0' ] ]
36 verbose addNamed [ 'grunt-concurrent', '0.5.0' ]
37 verbose addNamed [ '0.5.0', '0.5.0' ]
38 silly lockFile 32992192-grunt-concurrent-0-5-0 grunt-concurrent@0.5.0
39 verbose lock grunt-concurrent@0.5.0 /home/plinetarios/.npm/32992192-grunt-concurrent-0-5-0.lock
40 verbose read json /home/plinetarios/.npm/grunt-concurrent/0.5.0/package/package.json
41 silly lockFile 32992192-grunt-concurrent-0-5-0 grunt-concurrent@0.5.0
42 silly lockFile be4198c0-grunt-concurrent grunt-concurrent@
43 silly resolved [ { name: 'grunt-concurrent',
43 silly resolved     version: '0.5.0',
43 silly resolved     description: 'Run grunt tasks concurrently',
43 silly resolved     keywords:
43 silly resolved      [ 'gruntplugin',
43 silly resolved        'concurrent',
43 silly resolved        'parallel',
43 silly resolved        'simultaneous',
43 silly resolved        'optimize',
43 silly resolved        'speed' ],
43 silly resolved     author:
43 silly resolved      { name: 'Sindre Sorhus',
43 silly resolved        email: 'sindresorhus@gmail.com',
43 silly resolved        url: 'http://sindresorhus.com' },
43 silly resolved     repository: { type: 'git', url: 'sindresorhus/grunt-concurrent' },
43 silly resolved     scripts: { test: 'npm install nodemon -g && grunt' },
43 silly resolved     dependencies: { async: '~0.2.9', 'pad-stdio': '^0.1.0' },
43 silly resolved     devDependencies:
43 silly resolved      { grunt: '~0.4.1',
43 silly resolved        'grunt-contrib-clean': '~0.5.0',
43 silly resolved        'grunt-simple-mocha': '~0.4.0',
43 silly resolved        'grunt-contrib-watch': '~0.5.3',
43 silly resolved        'grunt-nodemon': '^0.2.0' },
43 silly resolved     peerDependencies: { grunt: '~0.4.0' },
43 silly resolved     engines: { node: '>=0.10.0' },
43 silly resolved     licenses: { type: 'MIT' },
43 silly resolved     readme: '# grunt-concurrent [![Build Status](https://secure.travis-ci.org/sindresorhus/grunt-concurrent.png?branch=master)](http://travis-ci.org/sindresorhus/grunt-concurrent) [![Built with Grunt](https://cdn.gruntjs.com/builtwith.png)](http://gruntjs.com/)\n\n> Run grunt tasks concurrently\n\nRunning slow tasks like Coffee and Sass concurrently can potentially improve your build time significantly. This task is also useful if you need to run multiple blocking tasks like `nodemon` and `watch` at once, as seen in the example config.\n\n![screenshot](screenshot.png)\n\nThis task is similar to grunt-parallel, but more focused by leaving out support for shell scripts which results in a leaner config. It also has a smaller dependency size and pads the output of concurrent tasks, as seen above.\n\n\n## Getting Started\n\nIf you haven\'t used [grunt][] before, be sure to check out the [Getting Started][] guide, as it explains how to create a [gruntfile][Getting Started] as well as install and use grunt plugins. Once you\'re familiar with that process, install this plugin with this command:\n\n```sh\nnpm install grunt-concurrent --save-dev\n```\n\nOnce the plugin has been installed, it may be enabled inside your Gruntfile with this line of JavaScript:\n\n```js\ngrunt.loadNpmTasks(\'grunt-concurrent\');\n```\n\n*Tip: the [load-grunt-tasks](https://github.com/sindresorhus/load-grunt-tasks) module makes it easier to load multiple grunt tasks.*\n\n\n[grunt]: http://gruntjs.com\n[Getting Started]: https://github.com/gruntjs/grunt/wiki/Getting-started\n\n\n## Documentation\n\nSee the [Gruntfile](Gruntfile.js) in this repo for a full example.\n\nJust specify the tasks you want to run concurrently as an array in a target of this task as shown below.\n\n\n### Example config\n\nThis will first run the Coffee and Sass tasks at the same time, then the JSHint and Mocha tasks at the same time.\n\n```javascript\ngrunt.initConfig({\n\tconcurrent: {\n\t\ttarget1: [\'coffee\', \'sass\'],\n\t\ttarget2: [\'jshint\', \'mocha\']\n\t}\n});\n\ngrunt.loadNpmTasks(\'grunt-concurrent\');\ngrunt.registerTask(\'default\', [\'concurrent:target1\', \'concurrent:target2\']);\n```\n\n\n## Options\n\n### limit\n\nType: `Number`  \nDefault: Number of CPU cores (`require(\'os\').cpus().length`) with a minimum of 2\n\nLimit of how many tasks that are run concurrently.\n\n### logConcurrentOutput\n\nType: `Boolean`  \nDefault: `false`\n\nYou can optionally log the output of your concurrent tasks by specifying the `logConcurrentOutput` option. Here is an example config which runs [grunt-nodemon](https://github.com/ChrisWren/grunt-nodemon) to launch and monitor a node server and [grunt-contrib-watch](https://github.com/gruntjs/grunt-contrib-watch) to watch for asset changes all in one terminal tab:\n\n```javascript\ngrunt.initConfig({\n\tconcurrent: {\n\t\ttarget: {\n\t\t\ttasks: [\'nodemon\', \'watch\'],\n\t\t\toptions: {\n\t\t\t\tlogConcurrentOutput: true\n\t\t\t}\n\t\t}\n\t}\n});\n\ngrunt.loadNpmTasks(\'grunt-concurrent\');\ngrunt.registerTask(\'default\', [\'concurrent:target\']);\n```\n\n*Note the output will be messy when combining certain tasks. This option is best used with tasks that don\'t exit like watch and nodemon to monitor the output of long-running concurrent tasks.*\n\n\n## License\n\nMIT © [Sindre Sorhus](http://sindresorhus.com)\n',
43 silly resolved     _id: 'grunt-concurrent@0.5.0',
43 silly resolved     _from: 'grunt-concurrent' } ]
44 info install grunt-concurrent@0.5.0 into /home/plinetarios/Desktop/chalatz_jekyll
45 info installOne grunt-concurrent@0.5.0
46 warn engine grunt-concurrent@0.5.0: wanted: {"node":">=0.10.0"} (current: {"node":"v0.8.12","npm":"1.1.63"})
47 verbose from cache /home/plinetarios/.npm/grunt-concurrent/0.5.0/package/package.json
48 info /home/plinetarios/Desktop/chalatz_jekyll/node_modules/grunt-concurrent unbuild
49 verbose read json /home/plinetarios/Desktop/chalatz_jekyll/node_modules/grunt-concurrent/package.json
50 verbose tar unpack /home/plinetarios/.npm/grunt-concurrent/0.5.0/package.tgz
51 silly lockFile cd22adf0-ll-node-modules-grunt-concurrent /home/plinetarios/Desktop/chalatz_jekyll/node_modules/grunt-concurrent
52 verbose lock /home/plinetarios/Desktop/chalatz_jekyll/node_modules/grunt-concurrent /home/plinetarios/.npm/cd22adf0-ll-node-modules-grunt-concurrent.lock
53 silly gunzTarPerm modes [ '755', '644' ]
54 silly gunzTarPerm extractEntry package.json
55 silly gunzTarPerm extractEntry readme.md
56 silly gunzTarPerm extractEntry .gitattributes
57 silly gunzTarPerm extractEntry tasks/concurrent.js
58 verbose read json /home/plinetarios/Desktop/chalatz_jekyll/node_modules/grunt-concurrent/package.json
59 silly lockFile cd22adf0-ll-node-modules-grunt-concurrent /home/plinetarios/Desktop/chalatz_jekyll/node_modules/grunt-concurrent
60 info preinstall grunt-concurrent@0.5.0
61 verbose from cache /home/plinetarios/Desktop/chalatz_jekyll/node_modules/grunt-concurrent/package.json
62 verbose readDependencies using package.json deps
63 verbose from cache /home/plinetarios/Desktop/chalatz_jekyll/node_modules/grunt-concurrent/package.json
64 verbose readDependencies using package.json deps
65 verbose cache add [ 'async@~0.2.9', null ]
66 silly cache add name=undefined spec="async@~0.2.9" args=["async@~0.2.9",null]
67 verbose parsed url { pathname: 'async@~0.2.9',
67 verbose parsed url   path: 'async@~0.2.9',
67 verbose parsed url   href: 'async@~0.2.9' }
68 silly cache add name="async" spec="~0.2.9" args=["async","~0.2.9"]
69 verbose parsed url { pathname: '~0.2.9', path: '~0.2.9', href: '~0.2.9' }
70 verbose addNamed [ 'async', '~0.2.9' ]
71 verbose addNamed [ null, '>=0.2.9- <0.3.0-' ]
72 silly lockFile 5d51c871-async-0-2-9 async@~0.2.9
73 verbose lock async@~0.2.9 /home/plinetarios/.npm/5d51c871-async-0-2-9.lock
74 verbose cache add [ 'pad-stdio@^0.1.0', null ]
75 silly cache add name=undefined spec="pad-stdio@^0.1.0" args=["pad-stdio@^0.1.0",null]
76 verbose parsed url { pathname: 'pad-stdio@^0.1.0',
76 verbose parsed url   path: 'pad-stdio@^0.1.0',
76 verbose parsed url   href: 'pad-stdio@^0.1.0' }
77 silly cache add name="pad-stdio" spec="^0.1.0" args=["pad-stdio","^0.1.0"]
78 verbose parsed url { pathname: '^0.1.0', path: '^0.1.0', href: '^0.1.0' }
79 verbose addNamed [ 'pad-stdio', '^0.1.0' ]
80 verbose addNamed [ null, null ]
81 silly lockFile b33f4fd4-pad-stdio-0-1-0 pad-stdio@^0.1.0
82 verbose lock pad-stdio@^0.1.0 /home/plinetarios/.npm/b33f4fd4-pad-stdio-0-1-0.lock
83 silly addNameRange { name: 'async', range: '>=0.2.9- <0.3.0-', hasData: false }
84 info addNameTag [ 'pad-stdio', '^0.1.0' ]
85 verbose url raw pad-stdio
86 verbose url resolving [ 'https://registry.npmjs.org/', './pad-stdio' ]
87 verbose url resolved https://registry.npmjs.org/pad-stdio
88 info trying registry request attempt 1 at 13:00:05
89 verbose etag "81NPCGUHDLRMHADHJPZH0H8LP"
90 http GET https://registry.npmjs.org/pad-stdio
91 verbose url raw async
92 verbose url resolving [ 'https://registry.npmjs.org/', './async' ]
93 verbose url resolved https://registry.npmjs.org/async
94 info trying registry request attempt 1 at 13:00:05
95 verbose etag "24DTYEFRO9RHY4657HOR6I9J1"
96 http GET https://registry.npmjs.org/async
97 http 304 https://registry.npmjs.org/async
98 silly registry.get cb [ 304,
98 silly registry.get   { date: 'Tue, 01 Jul 2014 10:00:05 GMT',
98 silly registry.get     server: 'Apache',
98 silly registry.get     via: '1.1 varnish',
98 silly registry.get     'last-modified': 'Tue, 01 Jul 2014 10:00:05 GMT',
98 silly registry.get     'cache-control': 'max-age=30',
98 silly registry.get     etag: '"24DTYEFRO9RHY4657HOR6I9J1"',
98 silly registry.get     'x-served-by': 'cache-ams4124-AMS',
98 silly registry.get     'x-cache': 'HIT',
98 silly registry.get     'x-cache-hits': '1',
98 silly registry.get     'x-timer': 'S1404208805.560466,VS0,VE0',
98 silly registry.get     vary: 'Accept',
98 silly registry.get     'content-length': '0',
98 silly registry.get     'keep-alive': 'timeout=10, max=50',
98 silly registry.get     connection: 'Keep-Alive' } ]
99 verbose etag async from cache
100 http 304 https://registry.npmjs.org/pad-stdio
101 silly registry.get cb [ 304,
101 silly registry.get   { date: 'Tue, 01 Jul 2014 10:00:05 GMT',
101 silly registry.get     server: 'Apache',
101 silly registry.get     via: '1.1 varnish',
101 silly registry.get     'last-modified': 'Tue, 01 Jul 2014 10:00:05 GMT',
101 silly registry.get     'cache-control': 'max-age=30',
101 silly registry.get     etag: '"81NPCGUHDLRMHADHJPZH0H8LP"',
101 silly registry.get     'x-served-by': 'cache-ams4131-AMS',
101 silly registry.get     'x-cache': 'HIT',
101 silly registry.get     'x-cache-hits': '1',
101 silly registry.get     'x-timer': 'S1404208805.574028,VS0,VE0',
101 silly registry.get     vary: 'Accept',
101 silly registry.get     'content-length': '0',
101 silly registry.get     'keep-alive': 'timeout=10, max=50',
101 silly registry.get     connection: 'Keep-Alive' } ]
102 verbose etag pad-stdio from cache
103 silly lockFile b33f4fd4-pad-stdio-0-1-0 pad-stdio@^0.1.0
104 silly addNameRange number 2 { name: 'async', range: '>=0.2.9- <0.3.0-', hasData: true }
105 silly addNameRange versions [ 'async',
105 silly addNameRange   [ '0.1.0',
105 silly addNameRange     '0.1.1',
105 silly addNameRange     '0.1.2',
105 silly addNameRange     '0.1.3',
105 silly addNameRange     '0.1.4',
105 silly addNameRange     '0.1.5',
105 silly addNameRange     '0.1.6',
105 silly addNameRange     '0.1.7',
105 silly addNameRange     '0.1.8',
105 silly addNameRange     '0.1.9',
105 silly addNameRange     '0.1.10',
105 silly addNameRange     '0.1.11',
105 silly addNameRange     '0.1.12',
105 silly addNameRange     '0.1.13',
105 silly addNameRange     '0.1.14',
105 silly addNameRange     '0.1.15',
105 silly addNameRange     '0.1.16',
105 silly addNameRange     '0.1.17',
105 silly addNameRange     '0.1.18',
105 silly addNameRange     '0.1.19',
105 silly addNameRange     '0.1.20',
105 silly addNameRange     '0.1.21',
105 silly addNameRange     '0.1.22',
105 silly addNameRange     '0.2.0',
105 silly addNameRange     '0.2.1',
105 silly addNameRange     '0.2.2',
105 silly addNameRange     '0.2.3',
105 silly addNameRange     '0.2.4',
105 silly addNameRange     '0.2.5',
105 silly addNameRange     '0.2.6',
105 silly addNameRange     '0.2.7',
105 silly addNameRange     '0.2.8',
105 silly addNameRange     '0.2.9',
105 silly addNameRange     '0.2.10',
105 silly addNameRange     '0.3.0',
105 silly addNameRange     '0.4.0',
105 silly addNameRange     '0.4.1',
105 silly addNameRange     '0.5.0',
105 silly addNameRange     '0.6.0',
105 silly addNameRange     '0.6.1',
105 silly addNameRange     '0.6.2',
105 silly addNameRange     '0.7.0',
105 silly addNameRange     '0.8.0',
105 silly addNameRange     '0.9.0' ] ]
106 verbose addNamed [ 'async', '0.2.10' ]
107 verbose addNamed [ '0.2.10', '0.2.10' ]
108 silly lockFile 098b530d-async-0-2-10 async@0.2.10
109 verbose lock async@0.2.10 /home/plinetarios/.npm/098b530d-async-0-2-10.lock
110 verbose about to build /home/plinetarios/Desktop/chalatz_jekyll/node_modules/grunt-concurrent
111 info /home/plinetarios/Desktop/chalatz_jekyll/node_modules/grunt-concurrent unbuild
112 verbose from cache /home/plinetarios/Desktop/chalatz_jekyll/node_modules/grunt-concurrent/package.json
113 verbose read json /home/plinetarios/.npm/async/0.2.10/package/package.json
114 info preuninstall grunt-concurrent@0.5.0
115 info uninstall grunt-concurrent@0.5.0
116 verbose true,/home/plinetarios/Desktop/chalatz_jekyll/node_modules,/home/plinetarios/Desktop/chalatz_jekyll/node_modules unbuild grunt-concurrent@0.5.0
117 info postuninstall grunt-concurrent@0.5.0
118 silly lockFile 098b530d-async-0-2-10 async@0.2.10
119 silly lockFile 5d51c871-async-0-2-9 async@~0.2.9
120 error Error: No compatible version found: pad-stdio@'^0.1.0'
120 error Valid install targets:
120 error ["0.1.0","0.1.1"]
120 error     at installTargetsError (/usr/local/lib/node_modules/npm/lib/cache.js:553:10)
120 error     at /usr/local/lib/node_modules/npm/lib/cache.js:477:15
120 error     at saved (/usr/local/lib/node_modules/npm/node_modules/npm-registry-client/lib/get.js:138:7)
120 error     at /usr/local/lib/node_modules/npm/node_modules/graceful-fs/graceful-fs.js:218:7
120 error     at Object.oncomplete (fs.js:297:15)
121 error If you need help, you may report this log at:
121 error     <http://github.com/isaacs/npm/issues>
121 error or email it to:
121 error     <npm-@googlegroups.com>
122 error System Linux 3.2.0-65-generic-pae
123 error command "/usr/local/bin/node" "/usr/local/bin/npm" "install" "grunt-concurrent" "--save-dev"
124 error cwd /home/plinetarios/Desktop/chalatz_jekyll
125 error node -v v0.8.12
126 error npm -v 1.1.63
127 verbose exit [ 1, true ]
